<?xml version="1.0" encoding="UTF-8" ?>
<testsuite tests="73" failures="0" name="TestSuite" time="0.044" errors="0" skipped="0">
  <properties>
[...]
</properties>
  <testcase classname="calculator.CalculatorTest" name="testStandardOperations" time="0.006"/>
  <testcase classname="calculator.CalculatorTest" name="testStandardOperations" time="0"/>
  <testcase classname="calculator.CalculatorTest" name="testStandardOperations" time="0.001"/>
  <testcase classname="calculator.CalculatorTest" name="testStandardOperations" time="0.001"/>
  <testcase classname="calculator.CalculatorTest" name="testStandardOperations" time="0.001"/>
  <testcase classname="calculator.CalculatorTest" name="testStandardOperations" time="0.001"/>
  <testcase classname="calculator.CalculatorTest" name="testStandardOperations" time="0.001"/>
  <testcase classname="calculator.CalculatorTest" name="testStandardOperations" time="0"/>
  <testcase classname="calculator.MenuTest" name="testInput" time="0.013"/>
  <testcase classname="computation.ComputationTest" name="testComputationString" time="0"/>
  <testcase classname="computation.ComputationTest" name="testConstructor" time="0"/>
  <testcase classname="computation.ComputationTest" name="testConstructor" time="0.001"/>
  <testcase classname="computation.ComputationTest" name="testConstructor" time="0"/>
  <testcase classname="computation.ComputationTest" name="testConstructor" time="0"/>
  <testcase classname="computation.ComputationTest" name="testConstructor" time="0"/>
  <testcase classname="computation.ComputationTest" name="testGetName" time="0"/>
  <testcase classname="computation.ComputationTest" name="testGetNumberList" time="0"/>
  <testcase classname="computation.ComputationTest" name="testGetResult" time="0"/>
  <testcase classname="logger.LoggerTest" name="testClearLogHistory" time="0.001"/>
  <testcase classname="logger.LoggerTest" name="testGetComputation" time="0"/>
  <testcase classname="logger.LoggerTest" name="testGetComputation" time="0"/>
  <testcase classname="logger.LoggerTest" name="testGetComputation" time="0"/>
  <testcase classname="logger.LoggerTest" name="testGetComputation" time="0"/>
  <testcase classname="logger.LoggerTest" name="testGetComputation" time="0"/>
  <testcase classname="logger.LoggerTest" name="testGetComputation" time="0"/>
  <testcase classname="logger.LoggerTest" name="testGetComputation" time="0"/>
  <testcase classname="logger.LoggerTest" name="testGetComputation" time="0"/>
  <testcase classname="logger.LoggerTest" name="testGetComputation" time="0.001"/>
  <testcase classname="logger.LoggerTest" name="testGetComputation" time="0"/>
  <testcase classname="logger.LoggerTest" name="testGetInstance" time="0"/>
  <testcase classname="logger.LoggerTest" name="testLog" time="0"/>
  <testcase classname="logger.LoggerTest" name="testPrintMostRecentLog" time="0.001"/>
  <testcase classname="logger.LoggerTest" name="testPrintNLogs" time="0.001"/>
  <testcase classname="logger.LoggerTest" name="testPrintNLogs" time="0.001"/>
  <testcase classname="logger.LoggerTest" name="testPrintNLogs" time="0"/>
  <testcase classname="logger.LoggerTest" name="testPrintNLogs" time="0"/>
  <testcase classname="logger.LoggerTest" name="testPrintNLogs" time="0.001"/>
  <testcase classname="logger.LoggerTest" name="testPrintNLogs" time="0"/>
  <testcase classname="logger.LoggerTest" name="testPrintNLogs" time="0.001"/>
  <testcase classname="logger.LoggerTest" name="testPrintNLogs" time="0"/>
  <testcase classname="operation.AddOperationTest" name="testAddBoth" time="0"/>
  <testcase classname="operation.AddOperationTest" name="testAddNegatives" time="0"/>
  <testcase classname="operation.AddOperationTest" name="testAddPositives" time="0"/>
  <testcase classname="operation.AddOperationTest" name="testEmptyNumberList" time="0"/>
  <testcase classname="operation.AddOperationTest" name="testNullList" time="0"/>
  <testcase classname="operation.AddOperationTest" name="testValueSize" time="0"/>
  <testcase classname="operation.DivOperationTest" name="testDivideBoth" time="0"/>
  <testcase classname="operation.DivOperationTest" name="testDivideNegatives" time="0.001"/>
  <testcase classname="operation.DivOperationTest" name="testDividePositives" time="0"/>
  <testcase classname="operation.DivOperationTest" name="testEmptyList" time="0"/>
  <testcase classname="operation.DivOperationTest" name="testValueSize" time="0.001"/>
  <testcase classname="operation.MultOperationTest" name="testEmptyList" time="0"/>
  <testcase classname="operation.MultOperationTest" name="testMultiplyBoth" time="0.001"/>
  <testcase classname="operation.MultOperationTest" name="testMultiplyNegative" time="0"/>
  <testcase classname="operation.MultOperationTest" name="testMultiplyPositive" time="0.001"/>
  <testcase classname="operation.MultOperationTest" name="testValueSize" time="0"/>
  <testcase classname="operation.SqrOperationTest" name="testEmptyList" time="0.001"/>
  <testcase classname="operation.SqrOperationTest" name="testMoreThanOneElementList" time="0"/>
  <testcase classname="operation.SqrOperationTest" name="testNegativeNumbers" time="0"/>
  <testcase classname="operation.SqrOperationTest" name="testPositiveNumbers" time="0"/>
  <testcase classname="operation.SqrOperationTest" name="testValueSize" time="0"/>
  <testcase classname="operation.SubOperationTest" name="testBoth" time="0"/>
  <testcase classname="operation.SubOperationTest" name="testEmptyList" time="0"/>
  <testcase classname="operation.SubOperationTest" name="testNegativeNumbers" time="0"/>
  <testcase classname="operation.SubOperationTest" name="testPositiveNumbers" time="0.001"/>
  <testcase classname="operation.SubOperationTest" name="testValueSize" time="0"/>
  <testcase classname="calculator.CalculatorTest" name="testBadCommand" time="0.001"/>
  <testcase classname="calculator.CalculatorTest" name="testExit" time="0"/>
  <testcase classname="calculator.CalculatorTest" name="testInvalidIntegerSubtitution" time="0.001"/>
  <testcase classname="calculator.CalculatorTest" name="testLargeIntegerSubstitution" time="0.001"/>
  <testcase classname="calculator.CalculatorTest" name="testNonInteger" time="0.001"/>
  <testcase classname="calculator.CalculatorTest" name="testNonIntegerSubstitution" time="0.001"/>
  <testcase classname="calculator.CalculatorTest" name="testSubstitutionOperations" time="0.001"/>
</testsuite>